Nov-23 05:08:41.138 [main] DEBUG nextflow.cli.Launcher - $> nextflow run main.nf --SAMPLE_SHEET SampleSheet_BAM_highdepth_ExpressServer.csv --INPUT_BED /mn --OUTDIR /mnt/nvme/DATA_HIEUNGUYEN/outdir/TOO_enriched_features//nvme/DATA_HIEUNGUYEN/resource/assets/TSS_UTR5p_regions/04_output/Normal/TSS_beds/Breast/v0.1/down_genes/promoter_regions_up_1000_down_1000.bed down_genes_v0.1_Breast_TSS_beds_Normal --E01_SH ../E01_generate_filter_BAM_files.sh --E02_SH ../E02_generate_enriched_ecd_wgs_features.sh --E03_SH ../E03_generate_TSS_count_features_at_enriched_regions.sh --PATH_TO_FA /mnt/nvme/DATA_HIEUNGUYEN/resource/hg19.fa --PANDEPTH /mnt/nvme/DATA_HIEUNGUYEN/resource/PanDepth/bin/pandepth --feature_srcdir ./ecd_wgs_feature_pipeline-ecd_wgs_pipeline_v1.0 --path_to_nucleosome_ref /mnt/nvme/DATA_HIEUNGUYEN/resource/rpr_map_EXP0779.sorted.bed -resume -c default.config -w /mnt/nvme/DATA_HIEUNGUYEN/outdir/TOO_enriched_features/workdir//nvme/DATA_HIEUNGUYEN/resource/assets/TSS_UTR5p_regions/04_output/Normal/TSS_beds/Breast/v0.1/down_genes/promoter_regions_up_1000_down_1000.bed down_genes_v0.1_Breast_TSS_beds_Normal -with-report /mnt/nvme/DATA_HIEUNGUYEN/outdir/TOO_enriched_features//nvme/DATA_HIEUNGUYEN/resource/assets/TSS_UTR5p_regions/04_output/Normal/TSS_beds/Breast/v0.1/down_genes/promoter_regions_up_1000_down_1000.bed	down_genes_v0.1_Breast_TSS_beds_Normal/report.html -with-timeline /mnt/nvme/DATA_HIEUNGUYEN/outdir/TOO_enriched_features//nvme/DATA_HIEUNGUYEN/resource/assets/TSS_UTR5p_regions/04_output/Normal/TSS_beds/Breast/v0.1/down_genes/promoter_regions_up_1000_down_1000.bed	down_genes_v0.1_Breast_TSS_beds_Normal/timeline.html -with-dag /mnt/nvme/DATA_HIEUNGUYEN/outdir/TOO_enriched_features//nvme/DATA_HIEUNGUYEN/resource/assets/TSS_UTR5p_regions/04_output/Normal/TSS_beds/Breast/v0.1/down_genes/promoter_regions_up_1000_down_1000.bed	down_genes_v0.1_Breast_TSS_beds_Normal/dag.svg
Nov-23 05:08:41.236 [main] DEBUG nextflow.cli.CmdRun - N E X T F L O W  ~  version 25.04.2
Nov-23 05:08:41.255 [main] DEBUG nextflow.plugin.PluginsFacade - Setting up plugin manager > mode=prod; embedded=false; plugins-dir=/home/hieunguyen/.nextflow/plugins; core-plugins: nf-amazon@2.15.0,nf-azure@1.16.0,nf-cloudcache@0.4.3,nf-codecommit@0.2.3,nf-console@1.2.1,nf-google@1.21.0,nf-k8s@1.0.0,nf-tower@1.11.2,nf-wave@1.12.1
Nov-23 05:08:41.283 [main] INFO  o.pf4j.DefaultPluginStatusProvider - Enabled plugins: []
Nov-23 05:08:41.284 [main] INFO  o.pf4j.DefaultPluginStatusProvider - Disabled plugins: []
Nov-23 05:08:41.286 [main] INFO  org.pf4j.DefaultPluginManager - PF4J version 3.12.0 in 'deployment' mode
Nov-23 05:08:41.296 [main] INFO  org.pf4j.AbstractPluginManager - No plugins
Nov-23 05:08:41.315 [main] DEBUG nextflow.config.ConfigBuilder - User config file: /home/hieunguyen/src/wgs_enriched_ecd_features/nextflow_pipelines/default.config
Nov-23 05:08:41.316 [main] DEBUG nextflow.config.ConfigBuilder - Parsing config file: /home/hieunguyen/src/wgs_enriched_ecd_features/nextflow_pipelines/default.config
Nov-23 05:08:41.342 [main] DEBUG n.secret.LocalSecretsProvider - Secrets store: /home/hieunguyen/.nextflow/secrets/store.json
Nov-23 05:08:41.346 [main] DEBUG nextflow.secret.SecretsLoader - Discovered secrets providers: [nextflow.secret.LocalSecretsProvider@4bdc8b5d] - activable => nextflow.secret.LocalSecretsProvider@4bdc8b5d
Nov-23 05:08:41.357 [main] DEBUG nextflow.config.ConfigBuilder - Applying config profile: `standard`
Nov-23 05:08:41.832 [main] DEBUG nextflow.cli.CmdRun - Applied DSL=2 from script declaration
Nov-23 05:08:41.845 [main] DEBUG nextflow.cli.CmdRun - Launching `main.nf` [marvelous_thompson] DSL2 - revision: 88fd89f0c8
Nov-23 05:08:41.846 [main] DEBUG nextflow.plugin.PluginsFacade - Plugins default=[]
Nov-23 05:08:41.847 [main] DEBUG nextflow.plugin.PluginsFacade - Plugins resolved requirement=[]
Nov-23 05:08:41.890 [main] DEBUG nextflow.Session - Session UUID: e8bd47af-0c56-4ee8-aab6-501905df4da0
Nov-23 05:08:41.891 [main] DEBUG nextflow.Session - Run name: marvelous_thompson
Nov-23 05:08:41.891 [main] DEBUG nextflow.Session - Executor pool size: 512
Nov-23 05:08:41.898 [main] DEBUG nextflow.file.FilePorter - File porter settings maxRetries=3; maxTransfers=50; pollTimeout=null
Nov-23 05:08:41.903 [main] DEBUG nextflow.util.ThreadPoolBuilder - Creating thread pool 'FileTransfer' minSize=10; maxSize=1536; workQueue=LinkedBlockingQueue[-1]; allowCoreThreadTimeout=false
Nov-23 05:08:41.976 [main] DEBUG nextflow.cli.CmdRun - 
  Version: 25.04.2 build 5947
  Created: 13-05-2025 21:58 UTC (14-05-2025 04:58 ICST)
  System: Linux 6.12.0-103.40.4.2.el9uek.x86_64
  Runtime: Groovy 4.0.26 on OpenJDK 64-Bit Server VM 21.0.6+9-b895.97
  Encoding: UTF-8 (UTF-8)
  Process: 1633448@r02.cluster [192.168.20.12]
  CPUs: 512 - Mem: 1.5 TB (15.2 GB) - Swap: 0 (0)
Nov-23 05:08:42.014 [main] DEBUG nextflow.Session - Work-dir: /mnt/nvme/DATA_HIEUNGUYEN/outdir/TOO_enriched_features/workdir/nvme/DATA_HIEUNGUYEN/resource/assets/TSS_UTR5p_regions/04_output/Normal/TSS_beds/Breast/v0.1/down_genes/promoter_regions_up_1000_down_1000.bed [xfs]
Nov-23 05:08:42.014 [main] DEBUG nextflow.Session - Script base path does not exist or is not a directory: /home/hieunguyen/src/wgs_enriched_ecd_features/nextflow_pipelines/bin
Nov-23 05:08:42.025 [main] DEBUG nextflow.executor.ExecutorFactory - Extension executors providers=[]
Nov-23 05:08:42.035 [main] DEBUG nextflow.Session - Observer factory: DefaultObserverFactory
Nov-23 05:08:42.057 [main] DEBUG nextflow.Session - Observer factory (v2): LinObserverFactory
Nov-23 05:08:42.079 [main] DEBUG nextflow.cache.CacheFactory - Using Nextflow cache factory: nextflow.cache.DefaultCacheFactory
Nov-23 05:08:42.087 [main] DEBUG nextflow.util.CustomThreadPool - Creating default thread pool > poolSize: 513; maxThreads: 1000
Nov-23 05:08:42.155 [main] DEBUG nextflow.Session - Session start
Nov-23 05:08:42.321 [main] DEBUG nextflow.script.ScriptRunner - > Launching execution
Nov-23 05:08:42.787 [main] DEBUG nextflow.script.ProcessConfig - Config settings `withName:filterBAM_by_inputBed` matches process nf01_enriched_features_and_TSS_count_features:run_enriched_features_and_TSS_count_features:filterBAM_by_inputBed
Nov-23 05:08:42.788 [main] WARN  nextflow.script.ProcessConfig - Unknown directive `params` for process `nf01_enriched_features_and_TSS_count_features:run_enriched_features_and_TSS_count_features:filterBAM_by_inputBed`
Nov-23 05:08:42.799 [main] DEBUG nextflow.executor.ExecutorFactory - << taskConfig executor: null
Nov-23 05:08:42.799 [main] DEBUG nextflow.executor.ExecutorFactory - >> processorType: 'local'
Nov-23 05:08:42.804 [main] DEBUG nextflow.executor.Executor - [warm up] executor > local
Nov-23 05:08:42.810 [main] DEBUG n.processor.LocalPollingMonitor - Creating local task monitor for executor 'local' > cpus=512; memory=1.5 TB; capacity=512; pollInterval=100ms; dumpInterval=5m
Nov-23 05:08:42.812 [main] DEBUG n.processor.TaskPollingMonitor - >>> barrier register (monitor: local)
Nov-23 05:08:42.831 [main] DEBUG nextflow.processor.TaskProcessor - Creating process 'nf01_enriched_features_and_TSS_count_features:run_enriched_features_and_TSS_count_features:filterBAM_by_inputBed': maxForks=10; fair=false; array=0
Nov-23 05:08:42.858 [main] DEBUG nextflow.script.ProcessConfig - Config settings `withName:generate_enriched_ecd_wgs_features` matches process nf01_enriched_features_and_TSS_count_features:run_enriched_features_and_TSS_count_features:generate_enriched_ecd_wgs_features
Nov-23 05:08:42.859 [main] WARN  nextflow.script.ProcessConfig - Unknown directive `params` for process `nf01_enriched_features_and_TSS_count_features:run_enriched_features_and_TSS_count_features:generate_enriched_ecd_wgs_features`
Nov-23 05:08:42.861 [main] DEBUG nextflow.executor.ExecutorFactory - << taskConfig executor: null
Nov-23 05:08:42.861 [main] DEBUG nextflow.executor.ExecutorFactory - >> processorType: 'local'
Nov-23 05:08:42.862 [main] DEBUG nextflow.processor.TaskProcessor - Creating process 'nf01_enriched_features_and_TSS_count_features:run_enriched_features_and_TSS_count_features:generate_enriched_ecd_wgs_features': maxForks=10; fair=false; array=0
Nov-23 05:08:42.868 [main] DEBUG nextflow.script.ProcessConfig - Config settings `withName:generate_enriched_TSS_count_features` matches process nf01_enriched_features_and_TSS_count_features:run_enriched_features_and_TSS_count_features:generate_enriched_TSS_count_features
Nov-23 05:08:42.869 [main] WARN  nextflow.script.ProcessConfig - Unknown directive `params` for process `nf01_enriched_features_and_TSS_count_features:run_enriched_features_and_TSS_count_features:generate_enriched_TSS_count_features`
Nov-23 05:08:42.870 [main] DEBUG nextflow.executor.ExecutorFactory - << taskConfig executor: null
Nov-23 05:08:42.870 [main] DEBUG nextflow.executor.ExecutorFactory - >> processorType: 'local'
Nov-23 05:08:42.871 [main] DEBUG nextflow.processor.TaskProcessor - Creating process 'nf01_enriched_features_and_TSS_count_features:run_enriched_features_and_TSS_count_features:generate_enriched_TSS_count_features': maxForks=10; fair=false; array=0
Nov-23 05:08:42.874 [main] DEBUG nextflow.Session - Workflow process names [dsl2]: filterBAM_by_inputBed, nf01_enriched_features_and_TSS_count_features:run_enriched_features_and_TSS_count_features:generate_enriched_ecd_wgs_features, nf01_enriched_features_and_TSS_count_features:run_enriched_features_and_TSS_count_features:filterBAM_by_inputBed, nf01_enriched_features_and_TSS_count_features:run_enriched_features_and_TSS_count_features:generate_enriched_TSS_count_features, generate_enriched_ecd_wgs_features, generate_enriched_TSS_count_features
Nov-23 05:08:42.876 [main] DEBUG nextflow.Session - Igniting dataflow network (4)
Nov-23 05:08:42.881 [main] DEBUG nextflow.processor.TaskProcessor - Starting process > nf01_enriched_features_and_TSS_count_features:run_enriched_features_and_TSS_count_features:filterBAM_by_inputBed
Nov-23 05:08:42.881 [main] DEBUG nextflow.processor.TaskProcessor - Starting process > nf01_enriched_features_and_TSS_count_features:run_enriched_features_and_TSS_count_features:generate_enriched_ecd_wgs_features
Nov-23 05:08:42.882 [main] DEBUG nextflow.processor.TaskProcessor - Starting process > nf01_enriched_features_and_TSS_count_features:run_enriched_features_and_TSS_count_features:generate_enriched_TSS_count_features
Nov-23 05:08:42.883 [main] DEBUG nextflow.script.ScriptRunner - Parsed script files:
  Script_1b851626726fcf86: /home/hieunguyen/src/wgs_enriched_ecd_features/nextflow_pipelines/modules/generate_enriched_ecd_wgs_features.nf
  Script_9bef57911431d98d: /home/hieunguyen/src/wgs_enriched_ecd_features/nextflow_pipelines/modules/generate_enriched_TSS_count_features.nf
  Script_cba29a940c786a5f: /home/hieunguyen/src/wgs_enriched_ecd_features/nextflow_pipelines/main.nf
  Script_440fff097530d7e8: /home/hieunguyen/src/wgs_enriched_ecd_features/nextflow_pipelines/workflows/nf01_enriched_features_and_TSS_count_features.nf
  Script_6b69257770e17a92: /home/hieunguyen/src/wgs_enriched_ecd_features/nextflow_pipelines/subworkflows/pipeline_init.nf
  Script_cf9e4ea75cc3c052: /home/hieunguyen/src/wgs_enriched_ecd_features/nextflow_pipelines/subworkflows/run_enriched_features_and_TSS_count_features.nf
  Script_3829d38b3726548e: /home/hieunguyen/src/wgs_enriched_ecd_features/nextflow_pipelines/modules/filterBAM_by_inputBed.nf
Nov-23 05:08:42.883 [main] DEBUG nextflow.script.ScriptRunner - > Awaiting termination 
Nov-23 05:08:42.883 [main] DEBUG nextflow.Session - Session await
Nov-23 05:08:48.318 [Actor Thread 51] DEBUG nextflow.util.HashBuilder - Unable to get file attributes file: /mn -- Cause: java.nio.file.NoSuchFileException: /mn
Nov-23 05:08:48.396 [Task submitter] DEBUG n.executor.local.LocalTaskHandler - Launch cmd line: /bin/bash -ue .command.run
Nov-23 05:08:48.398 [Task submitter] INFO  nextflow.Session - [28/45eb36] Submitted process > nf01_enriched_features_and_TSS_count_features:run_enriched_features_and_TSS_count_features:filterBAM_by_inputBed (ZKJ36A1HD)
Nov-23 05:08:48.497 [Task monitor] DEBUG n.processor.TaskPollingMonitor - Task completed > TaskHandler[id: 25; name: nf01_enriched_features_and_TSS_count_features:run_enriched_features_and_TSS_count_features:filterBAM_by_inputBed (ZKJ36A1HD); status: COMPLETED; exit: 1; error: -; workDir: /mnt/nvme/DATA_HIEUNGUYEN/outdir/TOO_enriched_features/workdir/nvme/DATA_HIEUNGUYEN/resource/assets/TSS_UTR5p_regions/04_output/Normal/TSS_beds/Breast/v0.1/down_genes/promoter_regions_up_1000_down_1000.bed/28/45eb3680414def704742057d97928a]
Nov-23 05:08:48.498 [Task monitor] DEBUG nextflow.util.ThreadPoolBuilder - Creating thread pool 'TaskFinalizer' minSize=10; maxSize=1536; workQueue=LinkedBlockingQueue[-1]; allowCoreThreadTimeout=false
Nov-23 05:08:48.506 [TaskFinalizer-1] DEBUG nextflow.processor.TaskProcessor - Handling unexpected condition for
  task: name=nf01_enriched_features_and_TSS_count_features:run_enriched_features_and_TSS_count_features:filterBAM_by_inputBed (ZKJ36A1HD); work-dir=/mnt/nvme/DATA_HIEUNGUYEN/outdir/TOO_enriched_features/workdir/nvme/DATA_HIEUNGUYEN/resource/assets/TSS_UTR5p_regions/04_output/Normal/TSS_beds/Breast/v0.1/down_genes/promoter_regions_up_1000_down_1000.bed/28/45eb3680414def704742057d97928a
  error [nextflow.exception.ProcessFailedException]: Process `nf01_enriched_features_and_TSS_count_features:run_enriched_features_and_TSS_count_features:filterBAM_by_inputBed (ZKJ36A1HD)` terminated with an error exit status (1)
Nov-23 05:08:48.512 [TaskFinalizer-1] INFO  nextflow.processor.TaskProcessor - [28/45eb36] NOTE: Process `nf01_enriched_features_and_TSS_count_features:run_enriched_features_and_TSS_count_features:filterBAM_by_inputBed (ZKJ36A1HD)` terminated with an error exit status (1) -- Execution is retried (1)
Nov-23 05:08:48.522 [Task submitter] DEBUG n.executor.local.LocalTaskHandler - Launch cmd line: /bin/bash -ue .command.run
Nov-23 05:08:48.523 [Task submitter] INFO  nextflow.Session - [5d/9079d9] Re-submitted process > nf01_enriched_features_and_TSS_count_features:run_enriched_features_and_TSS_count_features:filterBAM_by_inputBed (ZKJ36A1HD)
Nov-23 05:08:48.598 [Task monitor] DEBUG n.processor.TaskPollingMonitor - Task completed > TaskHandler[id: 42; name: nf01_enriched_features_and_TSS_count_features:run_enriched_features_and_TSS_count_features:filterBAM_by_inputBed (ZKJ36A1HD); status: COMPLETED; exit: 1; error: -; workDir: /mnt/nvme/DATA_HIEUNGUYEN/outdir/TOO_enriched_features/workdir/nvme/DATA_HIEUNGUYEN/resource/assets/TSS_UTR5p_regions/04_output/Normal/TSS_beds/Breast/v0.1/down_genes/promoter_regions_up_1000_down_1000.bed/5d/9079d91677585d163ea038ad40d9db]
Nov-23 05:08:48.600 [TaskFinalizer-2] DEBUG nextflow.processor.TaskProcessor - Handling unexpected condition for
  task: name=nf01_enriched_features_and_TSS_count_features:run_enriched_features_and_TSS_count_features:filterBAM_by_inputBed (ZKJ36A1HD); work-dir=/mnt/nvme/DATA_HIEUNGUYEN/outdir/TOO_enriched_features/workdir/nvme/DATA_HIEUNGUYEN/resource/assets/TSS_UTR5p_regions/04_output/Normal/TSS_beds/Breast/v0.1/down_genes/promoter_regions_up_1000_down_1000.bed/5d/9079d91677585d163ea038ad40d9db
  error [nextflow.exception.ProcessFailedException]: Process `nf01_enriched_features_and_TSS_count_features:run_enriched_features_and_TSS_count_features:filterBAM_by_inputBed (ZKJ36A1HD)` terminated with an error exit status (1)
Nov-23 05:08:48.601 [TaskFinalizer-2] INFO  nextflow.processor.TaskProcessor - [5d/9079d9] NOTE: Process `nf01_enriched_features_and_TSS_count_features:run_enriched_features_and_TSS_count_features:filterBAM_by_inputBed (ZKJ36A1HD)` terminated with an error exit status (1) -- Execution is retried (2)
Nov-23 05:08:48.608 [Task submitter] DEBUG n.executor.local.LocalTaskHandler - Launch cmd line: /bin/bash -ue .command.run
Nov-23 05:08:48.609 [Task submitter] INFO  nextflow.Session - [f7/f74ef0] Re-submitted process > nf01_enriched_features_and_TSS_count_features:run_enriched_features_and_TSS_count_features:filterBAM_by_inputBed (ZKJ36A1HD)
Nov-23 05:08:48.686 [Task monitor] DEBUG n.processor.TaskPollingMonitor - Task completed > TaskHandler[id: 43; name: nf01_enriched_features_and_TSS_count_features:run_enriched_features_and_TSS_count_features:filterBAM_by_inputBed (ZKJ36A1HD); status: COMPLETED; exit: 1; error: -; workDir: /mnt/nvme/DATA_HIEUNGUYEN/outdir/TOO_enriched_features/workdir/nvme/DATA_HIEUNGUYEN/resource/assets/TSS_UTR5p_regions/04_output/Normal/TSS_beds/Breast/v0.1/down_genes/promoter_regions_up_1000_down_1000.bed/f7/f74ef0db1988e16e3cfc7ea3a7d1c1]
Nov-23 05:08:48.688 [TaskFinalizer-3] DEBUG nextflow.processor.TaskProcessor - Handling unexpected condition for
  task: name=nf01_enriched_features_and_TSS_count_features:run_enriched_features_and_TSS_count_features:filterBAM_by_inputBed (ZKJ36A1HD); work-dir=/mnt/nvme/DATA_HIEUNGUYEN/outdir/TOO_enriched_features/workdir/nvme/DATA_HIEUNGUYEN/resource/assets/TSS_UTR5p_regions/04_output/Normal/TSS_beds/Breast/v0.1/down_genes/promoter_regions_up_1000_down_1000.bed/f7/f74ef0db1988e16e3cfc7ea3a7d1c1
  error [nextflow.exception.ProcessFailedException]: Process `nf01_enriched_features_and_TSS_count_features:run_enriched_features_and_TSS_count_features:filterBAM_by_inputBed (ZKJ36A1HD)` terminated with an error exit status (1)
Nov-23 05:08:48.699 [TaskFinalizer-3] ERROR nextflow.processor.TaskProcessor - Error executing process > 'nf01_enriched_features_and_TSS_count_features:run_enriched_features_and_TSS_count_features:filterBAM_by_inputBed (ZKJ36A1HD)'

Caused by:
  Process `nf01_enriched_features_and_TSS_count_features:run_enriched_features_and_TSS_count_features:filterBAM_by_inputBed (ZKJ36A1HD)` terminated with an error exit status (1)


Command executed:

  bash E01_generate_filter_BAM_files.sh -i 2-ZKJ36A1HD_S7596-S7796.sorted.bam -b mn -o .

Command exit status:
  1

Command output:
  output files will be saved at .
  
  working on file  2-ZKJ36A1HD_S7596-S7796.sorted.bam

Command error:
  output files will be saved at .
  
  working on file  2-ZKJ36A1HD_S7596-S7796.sorted.bam
  samtools: /home/hieunguyen/miniconda3/envs/nextflow_dev/bin/../lib/libtinfow.so.6: no version information available (required by samtools)
  samtools: /home/hieunguyen/miniconda3/envs/nextflow_dev/bin/../lib/libncursesw.so.6: no version information available (required by samtools)
  samtools: /home/hieunguyen/miniconda3/envs/nextflow_dev/bin/../lib/libncursesw.so.6: no version information available (required by samtools)
  samtools view: Could not read file "mn": No such file or directory
  samtools: /home/hieunguyen/miniconda3/envs/nextflow_dev/bin/../lib/libtinfow.so.6: no version information available (required by samtools)
  samtools: /home/hieunguyen/miniconda3/envs/nextflow_dev/bin/../lib/libncursesw.so.6: no version information available (required by samtools)
  samtools: /home/hieunguyen/miniconda3/envs/nextflow_dev/bin/../lib/libncursesw.so.6: no version information available (required by samtools)
  samtools index: "./2-ZKJ36A1HD_S7596-S7796.sorted.filtered.bam" is in a format that cannot be usefully indexed

Work dir:
  /mnt/nvme/DATA_HIEUNGUYEN/outdir/TOO_enriched_features/workdir/nvme/DATA_HIEUNGUYEN/resource/assets/TSS_UTR5p_regions/04_output/Normal/TSS_beds/Breast/v0.1/down_genes/promoter_regions_up_1000_down_1000.bed/f7/f74ef0db1988e16e3cfc7ea3a7d1c1

Tip: you can try to figure out what's wrong by changing to the process work dir and showing the script file named `.command.sh`
Nov-23 05:08:48.702 [TaskFinalizer-3] DEBUG nextflow.Session - Session aborted -- Cause: Process `nf01_enriched_features_and_TSS_count_features:run_enriched_features_and_TSS_count_features:filterBAM_by_inputBed (ZKJ36A1HD)` terminated with an error exit status (1)
Nov-23 05:08:48.713 [TaskFinalizer-3] DEBUG nextflow.Session - The following nodes are still active:
[process] nf01_enriched_features_and_TSS_count_features:run_enriched_features_and_TSS_count_features:filterBAM_by_inputBed
  status=ACTIVE
  port 0: (queue) closed; channel: -
  port 1: (value) bound ; channel: inputbed
  port 2: (value) bound ; channel: inputSH
  port 3: (cntrl) -     ; channel: $

[process] nf01_enriched_features_and_TSS_count_features:run_enriched_features_and_TSS_count_features:generate_enriched_ecd_wgs_features
  status=ACTIVE
  port 0: (queue) OPEN  ; channel: -
  port 1: (value) bound ; channel: inputSH
  port 2: (value) bound ; channel: path_to_fa
  port 3: (value) bound ; channel: feature_srcdir
  port 4: (value) bound ; channel: path_to_nucleosome_ref
  port 5: (cntrl) -     ; channel: $

[process] nf01_enriched_features_and_TSS_count_features:run_enriched_features_and_TSS_count_features:generate_enriched_TSS_count_features
  status=ACTIVE
  port 0: (queue) OPEN  ; channel: -
  port 1: (value) bound ; channel: inputSH
  port 2: (value) bound ; channel: inputbed
  port 3: (value) bound ; channel: pandepth
  port 4: (cntrl) -     ; channel: $

Nov-23 05:08:48.716 [main] DEBUG nextflow.Session - Session await > all processes finished
Nov-23 05:08:48.716 [main] DEBUG nextflow.Session - Session await > all barriers passed
Nov-23 05:08:48.716 [Task monitor] DEBUG n.processor.TaskPollingMonitor - <<< barrier arrives (monitor: local) - terminating tasks monitor poll loop
Nov-23 05:08:48.719 [Actor Thread 8] DEBUG nextflow.processor.TaskProcessor - Handling unexpected condition for
  task: name=nf01_enriched_features_and_TSS_count_features:run_enriched_features_and_TSS_count_features:filterBAM_by_inputBed; work-dir=null
  error [java.lang.InterruptedException]: java.lang.InterruptedException
Nov-23 05:08:48.723 [main] DEBUG n.trace.WorkflowStatsObserver - Workflow completed > WorkflowStats[succeededCount=0; failedCount=3; ignoredCount=0; cachedCount=0; pendingCount=0; submittedCount=0; runningCount=0; retriesCount=2; abortedCount=0; succeedDuration=0ms; failedDuration=690ms; cachedDuration=0ms;loadCpus=0; loadMemory=0; peakRunning=1; peakCpus=10; peakMemory=270 GB; ]
Nov-23 05:08:48.723 [main] DEBUG nextflow.trace.ReportObserver - Workflow completed -- rendering execution report
Nov-23 05:08:49.143 [main] DEBUG nextflow.trace.TimelineObserver - Workflow completed -- rendering execution timeline
Nov-23 05:08:49.226 [main] DEBUG nextflow.cache.CacheDB - Closing CacheDB done
Nov-23 05:08:49.236 [main] WARN  nextflow.util.HistoryFile - Can't read history file: .nextflow/history
java.lang.IllegalArgumentException: Not a valid history entry: `2025-11-23 05:08:41	-	marvelous_thompson	-	88fd89f0c83c5dfb0801c1d3dc3b5595	e8bd47af-0c56-4ee8-aab6-501905df4da0	nextflow run main.nf --SAMPLE_SHEET SampleSheet_BAM_highdepth_ExpressServer.csv --INPUT_BED /mn --OUTDIR /mnt/nvme/DATA_HIEUNGUYEN/outdir/TOO_enriched_features//nvme/DATA_HIEUNGUYEN/resource/assets/TSS_UTR5p_regions/04_output/Normal/TSS_beds/Breast/v0.1/down_genes/promoter_regions_up_1000_down_1000.bed down_genes_v0.1_Breast_TSS_beds_Normal --E01_SH ../E01_generate_filter_BAM_files.sh --E02_SH ../E02_generate_enriched_ecd_wgs_features.sh --E03_SH ../E03_generate_TSS_count_features_at_enriched_regions.sh --PATH_TO_FA /mnt/nvme/DATA_HIEUNGUYEN/resource/hg19.fa --PANDEPTH /mnt/nvme/DATA_HIEUNGUYEN/resource/PanDepth/bin/pandepth --feature_srcdir ./ecd_wgs_feature_pipeline-ecd_wgs_pipeline_v1.0 --path_to_nucleosome_ref /mnt/nvme/DATA_HIEUNGUYEN/resource/rpr_map_EXP0779.sorted.bed -resume -c default.config -w /mnt/nvme/DATA_HIEUNGUYEN/outdir/TOO_enriched_features/workdir//nvme/DATA_HIEUNGUYEN/resource/assets/TSS_UTR5p_regions/04_output/Normal/TSS_beds/Breast/v0.1/down_genes/promoter_regions_up_1000_down_1000.bed down_genes_v0.1_Breast_TSS_beds_Normal -with-report /mnt/nvme/DATA_HIEUNGUYEN/outdir/TOO_enriched_features//nvme/DATA_HIEUNGUYEN/resource/assets/TSS_UTR5p_regions/04_output/Normal/TSS_beds/Breast/v0.1/down_genes/promoter_regions_up_1000_down_1000.bed	down_genes_v0.1_Breast_TSS_beds_Normal/report.html -with-timeline /mnt/nvme/DATA_HIEUNGUYEN/outdir/TOO_enriched_features//nvme/DATA_HIEUNGUYEN/resource/assets/TSS_UTR5p_regions/04_output/Normal/TSS_beds/Breast/v0.1/down_genes/promoter_regions_up_1000_down_1000.bed	down_genes_v0.1_Breast_TSS_beds_Normal/timeline.html -with-dag /mnt/nvme/DATA_HIEUNGUYEN/outdir/TOO_enriched_features//nvme/DATA_HIEUNGUYEN/resource/assets/TSS_UTR5p_regions/04_output/Normal/TSS_beds/Breast/v0.1/down_genes/promoter_regions_up_1000_down_1000.bed	down_genes_v0.1_Breast_TSS_beds_Normal/dag.svg`
	at org.codehaus.groovy.vmplugin.v8.IndyInterface.fromCache(IndyInterface.java:321)
	at nextflow.util.HistoryFile$Record.parse(HistoryFile.groovy:409)
	at org.codehaus.groovy.vmplugin.v8.IndyInterface.fromCache(IndyInterface.java:321)
	at nextflow.util.HistoryFile$_update0_closure3.doCall(HistoryFile.groovy:93)
	at java.base/jdk.internal.reflect.DirectMethodHandleAccessor.invoke(DirectMethodHandleAccessor.java:103)
	at java.base/java.lang.reflect.Method.invoke(Method.java:580)
	at org.codehaus.groovy.reflection.CachedMethod.invoke(CachedMethod.java:343)
	at groovy.lang.MetaMethod.doMethodInvoke(MetaMethod.java:328)
	at org.codehaus.groovy.runtime.metaclass.ClosureMetaClass.invokeMethod(ClosureMetaClass.java:280)
	at groovy.lang.MetaClassImpl.invokeMethod(MetaClassImpl.java:1007)
	at groovy.lang.Closure.call(Closure.java:433)
	at groovy.lang.Closure.call(Closure.java:422)
	at org.codehaus.groovy.runtime.DefaultGroovyMethods.each(DefaultGroovyMethods.java:2394)
	at org.codehaus.groovy.runtime.DefaultGroovyMethods.each(DefaultGroovyMethods.java:2379)
	at org.codehaus.groovy.runtime.DefaultGroovyMethods.each(DefaultGroovyMethods.java:2420)
	at org.codehaus.groovy.runtime.dgm$207.doMethodInvoke(Unknown Source)
	at org.codehaus.groovy.vmplugin.v8.IndyInterface.fromCache(IndyInterface.java:321)
	at nextflow.util.HistoryFile.update0(HistoryFile.groovy:91)
	at java.base/jdk.internal.reflect.DirectMethodHandleAccessor.invoke(DirectMethodHandleAccessor.java:103)
	at java.base/java.lang.reflect.Method.invoke(Method.java:580)
	at org.codehaus.groovy.reflection.CachedMethod.invoke(CachedMethod.java:343)
	at groovy.lang.MetaMethod.doMethodInvoke(MetaMethod.java:328)
	at org.codehaus.groovy.runtime.metaclass.ClosureMetaClass.invokeMethod(ClosureMetaClass.java:343)
	at groovy.lang.MetaClassImpl.invokeMethod(MetaClassImpl.java:1007)
	at org.codehaus.groovy.vmplugin.v8.IndyInterface.fromCache(IndyInterface.java:321)
	at nextflow.util.HistoryFile$_update_closure2.doCall(HistoryFile.groovy:79)
	at nextflow.util.HistoryFile$_update_closure2.doCall(HistoryFile.groovy)
	at java.base/jdk.internal.reflect.DirectMethodHandleAccessor.invoke(DirectMethodHandleAccessor.java:103)
	at java.base/java.lang.reflect.Method.invoke(Method.java:580)
	at org.codehaus.groovy.reflection.CachedMethod.invoke(CachedMethod.java:343)
	at groovy.lang.MetaMethod.doMethodInvoke(MetaMethod.java:328)
	at org.codehaus.groovy.runtime.metaclass.ClosureMetaClass.invokeMethod(ClosureMetaClass.java:280)
	at groovy.lang.MetaClassImpl.invokeMethod(MetaClassImpl.java:1007)
	at org.codehaus.groovy.vmplugin.v8.IndyInterface.fromCache(IndyInterface.java:321)
	at nextflow.util.HistoryFile.withFileLock(HistoryFile.groovy:442)
	at org.codehaus.groovy.vmplugin.v8.IndyInterface.fromCache(IndyInterface.java:321)
	at nextflow.util.HistoryFile.update(HistoryFile.groovy:79)
	at nextflow.util.HistoryFile.update(HistoryFile.groovy)
	at nextflow.Session.destroy(Session.groovy:732)
	at nextflow.script.ScriptRunner.shutdown(ScriptRunner.groovy:263)
	at nextflow.script.ScriptRunner.execute(ScriptRunner.groovy:147)
	at nextflow.cli.CmdRun.run(CmdRun.groovy:379)
	at nextflow.cli.Launcher.run(Launcher.groovy:513)
	at nextflow.cli.Launcher.main(Launcher.groovy:673)
Nov-23 05:08:49.239 [main] DEBUG nextflow.script.ScriptRunner - > Execution complete -- Goodbye
